<?xml version="1.0" encoding="UTF-8"?>
<!-- Generated by org.testng.reporters.JUnitReportReporter -->
<testsuite hostname="Yousuf" failures="0" tests="2" name="testCases.TC004_SearchProduct" time="0.482" errors="0" timestamp="2025-05-20T23:12:18 IST" skipped="0">
  <testcase classname="testCases.TC004_SearchProduct" name="searchProductName" time="0.471"/>
  <testcase classname="testCases.TC004_SearchProduct" name="verifyProductAvailability" time="0.011"/>
</testsuite> <!-- testCases.TC004_SearchProduct -->
