<?xml version="1.0" encoding="UTF-8"?>
<!-- Generated by org.testng.reporters.JUnitReportReporter -->
<testsuite hostname="Yousuf" failures="0" tests="5" name="testCases.TC003_LoginDDT" time="36.892" errors="0" timestamp="2025-05-16T18:09:47 IST" skipped="0">
  <testcase classname="testCases.TC003_LoginDDT" name="LoginDDT" time="1.912"/>
  <testcase classname="testCases.TC003_LoginDDT" name="LoginDDT" time="11.369"/>
  <testcase classname="testCases.TC003_LoginDDT" name="LoginDDT" time="1.731"/>
  <testcase classname="testCases.TC003_LoginDDT" name="LoginDDT" time="11.160"/>
  <testcase classname="testCases.TC003_LoginDDT" name="LoginDDT" time="10.720"/>
</testsuite> <!-- testCases.TC003_LoginDDT -->
