<?xml version="1.0" encoding="UTF-8"?>
<!-- Generated by org.testng.reporters.JUnitReportReporter -->
<testsuite hostname="Yousuf" failures="0" tests="1" name="testCases.TC001_AccountRegisterationTest" time="2.744" errors="0" timestamp="2025-05-17T11:45:06 IST" skipped="0">
  <testcase classname="testCases.TC001_AccountRegisterationTest" name="verify_account_registration" time="2.744"/>
</testsuite> <!-- testCases.TC001_AccountRegisterationTest -->
