<?xml version="1.0" encoding="UTF-8"?>
<!-- Generated by org.testng.reporters.JUnitReportReporter -->
<testsuite hostname="Yousuf" failures="0" tests="1" name="testCases.TC004_SearchProduct" time="10.695" errors="0" timestamp="2025-05-21T01:22:13 IST" skipped="0">
  <testcase classname="testCases.TC004_SearchProduct" name="searchProductName" time="10.695"/>
</testsuite> <!-- testCases.TC004_SearchProduct -->
