<?xml version="1.0" encoding="UTF-8"?>
<!-- Generated by org.testng.reporters.JUnitReportReporter -->
<testsuite hostname="Yousuf" failures="0" tests="1" name="testCases.TC002_LoginTest" time="2.267" errors="0" timestamp="2025-05-17T18:01:24 IST" skipped="0">
  <testcase classname="testCases.TC002_LoginTest" name="verifyLogin" time="2.267"/>
</testsuite> <!-- testCases.TC002_LoginTest -->
